<?xml version="1.0" encoding="UTF-8"?>
<!-- Generated by org.testng.reporters.JUnitReportReporter -->
<testsuite skipped="0" hostname="Rachna1085.local" name="com.amazon.productTests.AddProductToCartTests" tests="2" failures="0" timestamp="02 Jun 2020 14:20:22 GMT" time="10.129" errors="0">
  <testcase name="addToCartProductVerification" time="6.182" classname="com.amazon.productTests.AddProductToCartTests"/>
  <testcase name="firstItemOfSearchResultVerification" time="3.947" classname="com.amazon.productTests.AddProductToCartTests"/>
</testsuite> <!-- com.amazon.productTests.AddProductToCartTests -->
