<?xml version="1.0" encoding="UTF-8"?>
<!-- Generated by org.testng.reporters.JUnitReportReporter -->
<testsuite skipped="0" hostname="Rachna1085.local" name="com.amazon.productTests.SearchFeatureTest" tests="1" failures="0" timestamp="02 Jun 2020 01:12:15 GMT" time="12.445" errors="0">
  <testcase name="firstItemOfSearchResult" time="12.445" classname="com.amazon.productTests.SearchFeatureTest"/>
</testsuite> <!-- com.amazon.productTests.SearchFeatureTest -->
